<?xml version="1.0" encoding="UTF-8"?>
<!-- Generated by org.testng.reporters.JUnitXMLReporter -->
<testsuite ignored="0" hostname="CHPL124877" failures="1" tests="16" name="Default test" time="128.927" errors="0" timestamp="2023-01-21T16:20:49 IST">
  <testcase classname="pageValidation.GoogleSearchPageTest" name="verifyTheUrl" time="0.023"/>
  <testcase classname="pageValidation.GoogleSearchPageTest" name="verifySearchBox" time="1.202"/>
  <testcase classname="pageValidation.GoogleSearchPageTest" name="verifySearchButton" time="5.684"/>
  <testcase classname="pageValidation.GoogleSearchPageTest" name="verifyAutoSuggestions" time="2.374"/>
  <testcase classname="pageValidation.GoogleSearchPageTest" name="clickOnAutoSuggestions" time="4.481"/>
  <testcase classname="pageValidation.GoogleSearchPageTest" name="verifyTheRecentSearches" time="3.218"/>
  <testcase classname="pageValidation.GoogleSearchPageTest" name="verifyTheSearchResults" time="5.959"/>
  <testcase classname="pageValidation.GoogleSearchPageTest" name="verifyTheMicIsClickable" time="2.124"/>
  <testcase classname="pageValidation.GoogleSearchPageTest" name="verifyTheSearchByImageIsClickable" time="2.133"/>
  <testcase classname="pageValidation.GoogleSearchPageTest" name="searchOnlyAlphabet" time="5.808"/>
  <testcase classname="pageValidation.GoogleSearchPageTest" name="searchOnlyNumeric" time="6.78"/>
  <testcase classname="pageValidation.GoogleSearchPageTest" name="searchOnlySpecialCharacters" time="5.753"/>
  <testcase classname="pageValidation.GoogleSearchPageTest" name="searchOnlyAlbhaNumeric" time="6.696"/>
  <testcase classname="pageValidation.GoogleSearchPageTest" name="searchOnlyNumericwithSpecialCharacters" time="7.028"/>
  <testcase classname="pageValidation.GoogleSearchPageTest" name="searchOnlyAlbhabeticwithSpecialCharacters" time="5.53"/>
  <testcase classname="pageValidation.GoogleSearchPageTest" name="verifyFailedTestCase" time="5.947">
    <failure type="java.lang.AssertionError" message="expected [Testing Skill] but found [Testing Skills]">
      <![CDATA[java.lang.AssertionError: expected [Testing Skill] but found [Testing Skills]
at org.testng.Assert.fail(Assert.java:99)
at org.testng.Assert.failNotEquals(Assert.java:1037)
at org.testng.Assert.assertEqualsImpl(Assert.java:140)
at org.testng.Assert.assertEquals(Assert.java:122)
at org.testng.Assert.assertEquals(Assert.java:629)
at org.testng.Assert.assertEquals(Assert.java:639)
at pageValidation.GoogleSearchPageTest.verifyFailedTestCase(GoogleSearchPageTest.java:143)
at java.base/jdk.internal.reflect.NativeMethodAccessorImpl.invoke0(Native Method)
at java.base/jdk.internal.reflect.NativeMethodAccessorImpl.invoke(NativeMethodAccessorImpl.java:62)
at java.base/jdk.internal.reflect.DelegatingMethodAccessorImpl.invoke(DelegatingMethodAccessorImpl.java:43)
at java.base/java.lang.reflect.Method.invoke(Method.java:564)
at org.testng.internal.MethodInvocationHelper.invokeMethod(MethodInvocationHelper.java:132)
at org.testng.internal.TestInvoker.invokeMethod(TestInvoker.java:599)
at org.testng.internal.TestInvoker.invokeTestMethod(TestInvoker.java:174)
at org.testng.internal.MethodRunner.runInSequence(MethodRunner.java:46)
at org.testng.internal.TestInvoker$MethodInvocationAgent.invoke(TestInvoker.java:822)
at org.testng.internal.TestInvoker.invokeTestMethods(TestInvoker.java:147)
at org.testng.internal.TestMethodWorker.invokeTestMethods(TestMethodWorker.java:146)
at org.testng.internal.TestMethodWorker.run(TestMethodWorker.java:128)
at java.base/java.util.ArrayList.forEach(ArrayList.java:1510)
at org.testng.TestRunner.privateRun(TestRunner.java:764)
at org.testng.TestRunner.run(TestRunner.java:585)
at org.testng.SuiteRunner.runTest(SuiteRunner.java:384)
at org.testng.SuiteRunner.runSequentially(SuiteRunner.java:378)
at org.testng.SuiteRunner.privateRun(SuiteRunner.java:337)
at org.testng.SuiteRunner.run(SuiteRunner.java:286)
at org.testng.SuiteRunnerWorker.runSuite(SuiteRunnerWorker.java:53)
at org.testng.SuiteRunnerWorker.run(SuiteRunnerWorker.java:96)
at org.testng.TestNG.runSuitesSequentially(TestNG.java:1218)
at org.testng.TestNG.runSuitesLocally(TestNG.java:1140)
at org.testng.TestNG.runSuites(TestNG.java:1069)
at org.testng.TestNG.run(TestNG.java:1037)
at org.testng.remote.AbstractRemoteTestNG.run(AbstractRemoteTestNG.java:115)
at org.testng.remote.RemoteTestNG.initAndRun(RemoteTestNG.java:251)
at org.testng.remote.RemoteTestNG.main(RemoteTestNG.java:77)
]]>
    </failure>
  </testcase> <!-- verifyFailedTestCase -->
</testsuite> <!-- Default test -->
