<?xml version="1.0" encoding="UTF-8"?>
<!-- Generated by org.testng.reporters.JUnitReportReporter -->
<testsuite hostname="CHPL124877" failures="1" tests="16" name="pageValidation.GoogleSearchPageTest" time="128.363" errors="0" timestamp="2023-01-21T16:20:49 IST" skipped="0">
  <testcase classname="pageValidation.GoogleSearchPageTest" name="verifyTheUrl" time="3.453"/>
  <system-out/>
  <testcase classname="pageValidation.GoogleSearchPageTest" name="verifySearchBox" time="4.890"/>
  <system-out/>
  <testcase classname="pageValidation.GoogleSearchPageTest" name="verifySearchButton" time="9.213"/>
  <system-out/>
  <testcase classname="pageValidation.GoogleSearchPageTest" name="verifyAutoSuggestions" time="5.884"/>
  <system-out/>
  <testcase classname="pageValidation.GoogleSearchPageTest" name="clickOnAutoSuggestions" time="8.135"/>
  <system-out/>
  <testcase classname="pageValidation.GoogleSearchPageTest" name="verifyTheRecentSearches" time="6.741"/>
  <system-out/>
  <testcase classname="pageValidation.GoogleSearchPageTest" name="verifyTheSearchResults" time="9.965"/>
  <system-out/>
  <testcase classname="pageValidation.GoogleSearchPageTest" name="verifyTheMicIsClickable" time="5.748"/>
  <system-out/>
  <testcase classname="pageValidation.GoogleSearchPageTest" name="verifyTheSearchByImageIsClickable" time="5.725"/>
  <system-out/>
  <testcase classname="pageValidation.GoogleSearchPageTest" name="searchOnlyAlphabet" time="9.380"/>
  <system-out/>
  <testcase classname="pageValidation.GoogleSearchPageTest" name="searchOnlyNumeric" time="10.624"/>
  <system-out/>
  <testcase classname="pageValidation.GoogleSearchPageTest" name="searchOnlySpecialCharacters" time="9.367"/>
  <system-out/>
  <testcase classname="pageValidation.GoogleSearchPageTest" name="searchOnlyAlbhaNumeric" time="10.285"/>
  <system-out/>
  <testcase classname="pageValidation.GoogleSearchPageTest" name="searchOnlyNumericwithSpecialCharacters" time="10.484"/>
  <system-out/>
  <testcase classname="pageValidation.GoogleSearchPageTest" name="searchOnlyAlbhabeticwithSpecialCharacters" time="8.951"/>
  <system-out/>
  <testcase classname="pageValidation.GoogleSearchPageTest" name="verifyFailedTestCase" time="9.518">
    <failure message="expected [Testing Skill] but found [Testing Skills]" type="java.lang.AssertionError">
      <![CDATA[java.lang.AssertionError: expected [Testing Skill] but found [Testing Skills]
at org.testng.Assert.fail(Assert.java:99)
at org.testng.Assert.failNotEquals(Assert.java:1037)
at org.testng.Assert.assertEqualsImpl(Assert.java:140)
at org.testng.Assert.assertEquals(Assert.java:122)
at org.testng.Assert.assertEquals(Assert.java:629)
at org.testng.Assert.assertEquals(Assert.java:639)
at pageValidation.GoogleSearchPageTest.verifyFailedTestCase(GoogleSearchPageTest.java:143)
at java.base/jdk.internal.reflect.NativeMethodAccessorImpl.invoke0(Native Method)
at java.base/jdk.internal.reflect.NativeMethodAccessorImpl.invoke(NativeMethodAccessorImpl.java:62)
at java.base/jdk.internal.reflect.DelegatingMethodAccessorImpl.invoke(DelegatingMethodAccessorImpl.java:43)
at java.base/java.lang.reflect.Method.invoke(Method.java:564)
at org.testng.internal.MethodInvocationHelper.invokeMethod(MethodInvocationHelper.java:132)
at org.testng.internal.TestInvoker.invokeMethod(TestInvoker.java:599)
at org.testng.internal.TestInvoker.invokeTestMethod(TestInvoker.java:174)
at org.testng.internal.MethodRunner.runInSequence(MethodRunner.java:46)
at org.testng.internal.TestInvoker$MethodInvocationAgent.invoke(TestInvoker.java:822)
at org.testng.internal.TestInvoker.invokeTestMethods(TestInvoker.java:147)
at org.testng.internal.TestMethodWorker.invokeTestMethods(TestMethodWorker.java:146)
at org.testng.internal.TestMethodWorker.run(TestMethodWorker.java:128)
at java.base/java.util.ArrayList.forEach(ArrayList.java:1510)
at org.testng.TestRunner.privateRun(TestRunner.java:764)
at org.testng.TestRunner.run(TestRunner.java:585)
at org.testng.SuiteRunner.runTest(SuiteRunner.java:384)
at org.testng.SuiteRunner.runSequentially(SuiteRunner.java:378)
at org.testng.SuiteRunner.privateRun(SuiteRunner.java:337)
at org.testng.SuiteRunner.run(SuiteRunner.java:286)
at org.testng.SuiteRunnerWorker.runSuite(SuiteRunnerWorker.java:53)
at org.testng.SuiteRunnerWorker.run(SuiteRunnerWorker.java:96)
at org.testng.TestNG.runSuitesSequentially(TestNG.java:1218)
at org.testng.TestNG.runSuitesLocally(TestNG.java:1140)
at org.testng.TestNG.runSuites(TestNG.java:1069)
at org.testng.TestNG.run(TestNG.java:1037)
at org.testng.remote.AbstractRemoteTestNG.run(AbstractRemoteTestNG.java:115)
at org.testng.remote.RemoteTestNG.initAndRun(RemoteTestNG.java:251)
at org.testng.remote.RemoteTestNG.main(RemoteTestNG.java:77)
]]>
    </failure>
  </testcase> <!-- verifyFailedTestCase -->
  <system-out/>
</testsuite> <!-- pageValidation.GoogleSearchPageTest -->
